2022-09-05 21:24:53,955 - QTvcp - INFO - Logging to: /home/evand/linuxcnc/configs/DCNC/qtdragon.log
2022-09-05 21:24:54,427 - QTvcp.QTVCP.QT_PSTAT - INFO - Using LOCAL handler file path: /home/evand/linuxcnc/configs/DCNC/qtdragon/qtdragon_handler.py
2022-09-05 21:24:54,427 - QTvcp.QTVCP.QT_PSTAT - INFO - Using LOCAL ui file from: /home/evand/linuxcnc/configs/DCNC/qtdragon/qtdragon.ui
2022-09-05 21:24:54,427 - QTvcp.QTVCP.QT_PSTAT - INFO - Using LOCAL qss file from: /home/evand/linuxcnc/configs/DCNC/qtdragon/qtdragon.qss
2022-09-05 21:24:54,428 - QTvcp.QTVCP.QT_PSTAT - INFO - Using LOCAL qrc file from: /home/evand/linuxcnc/configs/DCNC/qtdragon/qtdragon.qrc
2022-09-05 21:24:54,428 - QTvcp.QTVCP.QT_PSTAT - INFO - Using LOCAL resources.py file from: /home/evand/linuxcnc/configs/DCNC/qtdragon/qtdragon/resources.py
2022-09-05 21:24:54,429 - QTvcp.QTVCP.QT_PSTAT - INFO - Using no translations, default system locale is: en
2022-09-05 21:24:54,429 - QTvcp - INFO - Building A LinuxCNC Main Screen with: Python 3
2022-09-05 21:24:54,429 - QTvcp - INFO - No handler file specified on command line.
2022-09-05 21:24:54,429 - QTvcp - INFO - No HAL component base name specified on command line using: qtdragon
2022-09-05 21:24:54,430 - QTvcp.QTVCP.QT_MAKEGUI - INFO - Qsettings file path: /home/evand/.config/QtVcp/qtdragon.conf
2022-09-05 21:24:54,624 - QTvcp.QTVCP.QT_MAKEGUI - INFO - Imported resources.py filed: /home/evand/linuxcnc/configs/DCNC/qtdragon/qtdragon/resources.py
2022-09-05 21:24:56,304 - QTvcp.QTVCP.WIDGETS.STATUS_LABEL - WARNING - lbl_maxv_percent : no option recognised
2022-09-05 21:24:56,305 - QTvcp.QTVCP.WIDGETS.STATUS_LABEL - WARNING - lbl_max_rapid : no option recognised
2022-09-05 21:24:56,307 - QTvcp.QTVCP.WIDGETS.STATUS_LABEL - WARNING - lbl_runtime : no option recognised
2022-09-05 21:24:56,311 - QTvcp.QTDRAGON_HANDLER - INFO - Using Basic Probe
2022-09-05 21:24:56,624 - QTvcp.QTVCP.LIB.QT_NGCGUI.NGCGUI - DEBUG - UI Filename: /home/evand/linuxcnc-dev/lib/python/qtvcp/lib/qt_ngcgui/ngcgui.ui
2022-09-05 21:24:56,715 - QTvcp.QTVCP.QT_MAKEGUI - INFO - No Handler Override file at: /home/evand/linuxcnc/configs/DCNC/./home/evand/linuxcnc/configs/DCNC/qtdragon/qtdragonrc
2022-09-05 21:24:57,310 - QTvcp - INFO - Postgui filename: ['postgui_call_list.hal', 'vc-postgui.hal', 'custom.hal']
2022-09-05 21:24:57,363 - QTvcp - INFO - Postgui commands: None
2022-09-05 21:24:57,365 - QTvcp - INFO - Preference path: /home/evand/linuxcnc/configs/DCNC/qtdragon.pref
